2025-10-29 15:20:47.918  INFO 5188 --- [restartedMain] e.t.g.GoodsCommunityApplication          : Starting GoodsCommunityApplication using Java 21.0.8 with PID 5188 (C:\Users\TJ\Desktop\새 폴더 (2)\springboot-workspace\GoodsCommunity\build\classes\java\main started by TJ in C:\Users\TJ\Desktop\새 폴더 (2)\springboot-workspace\GoodsCommunity)
2025-10-29 15:20:47.920 DEBUG 5188 --- [restartedMain] e.t.g.GoodsCommunityApplication          : Running with Spring Boot v3.5.6, Spring v6.2.11
2025-10-29 15:20:47.920  INFO 5188 --- [restartedMain] e.t.g.GoodsCommunityApplication          : No active profile set, falling back to 1 default profile: "default"
2025-10-29 15:20:47.978  INFO 5188 --- [restartedMain] .e.DevToolsPropertyDefaultsPostProcessor : Devtools property defaults active! Set 'spring.devtools.add-properties' to 'false' to disable
2025-10-29 15:20:47.978  INFO 5188 --- [restartedMain] .e.DevToolsPropertyDefaultsPostProcessor : For additional web related logging consider setting the 'logging.level.web' property to 'DEBUG'
2025-10-29 15:20:49.595  INFO 5188 --- [restartedMain] .s.d.r.c.RepositoryConfigurationDelegate : Bootstrapping Spring Data JPA repositories in DEFAULT mode.
2025-10-29 15:20:49.647  INFO 5188 --- [restartedMain] .s.d.r.c.RepositoryConfigurationDelegate : Finished Spring Data repository scanning in 30 ms. Found 0 JPA repository interfaces.
2025-10-29 15:20:50.987  INFO 5188 --- [restartedMain] o.s.b.w.embedded.tomcat.TomcatWebServer  : Tomcat initialized with port 8080 (http)
2025-10-29 15:20:51.005  INFO 5188 --- [restartedMain] o.apache.catalina.core.StandardService   : Starting service [Tomcat]
2025-10-29 15:20:51.005  INFO 5188 --- [restartedMain] o.apache.catalina.core.StandardEngine    : Starting Servlet engine: [Apache Tomcat/10.1.46]
2025-10-29 15:20:51.082  INFO 5188 --- [restartedMain] o.a.c.c.C.[Tomcat].[localhost].[/]       : Initializing Spring embedded WebApplicationContext
2025-10-29 15:20:51.084  INFO 5188 --- [restartedMain] w.s.c.ServletWebServerApplicationContext : Root WebApplicationContext: initialization completed in 3105 ms
2025-10-29 15:20:51.560  INFO 5188 --- [restartedMain] o.hibernate.jpa.internal.util.LogHelper  : HHH000204: Processing PersistenceUnitInfo [name: default]
2025-10-29 15:20:51.651  INFO 5188 --- [restartedMain] org.hibernate.Version                    : HHH000412: Hibernate ORM core version 6.6.29.Final
2025-10-29 15:20:51.704  INFO 5188 --- [restartedMain] o.h.c.internal.RegionFactoryInitiator    : HHH000026: Second-level cache disabled
2025-10-29 15:20:52.120  INFO 5188 --- [restartedMain] o.s.o.j.p.SpringPersistenceUnitInfo      : No LoadTimeWeaver setup: ignoring JPA class transformer
2025-10-29 15:20:52.163  WARN 5188 --- [restartedMain] com.zaxxer.hikari.HikariConfig           : MyHikariCP - idleTimeout has been set but has no effect because the pool is operating as a fixed size pool.
2025-10-29 15:20:52.163  INFO 5188 --- [restartedMain] com.zaxxer.hikari.HikariDataSource       : MyHikariCP - Starting...
2025-10-29 15:20:52.552  INFO 5188 --- [restartedMain] com.zaxxer.hikari.pool.HikariPool        : MyHikariCP - Added connection com.mysql.cj.jdbc.ConnectionImpl@18e34212
2025-10-29 15:20:52.555  INFO 5188 --- [restartedMain] com.zaxxer.hikari.HikariDataSource       : MyHikariCP - Start completed.
2025-10-29 15:20:52.626  WARN 5188 --- [restartedMain] org.hibernate.orm.deprecation            : HHH90000025: MySQLDialect does not need to be specified explicitly using 'hibernate.dialect' (remove the property setting and it will be selected by default)
2025-10-29 15:20:52.648  INFO 5188 --- [restartedMain] org.hibernate.orm.connections.pooling    : HHH10001005: Database info:
	Database JDBC URL [Connecting through datasource 'HikariDataSource (MyHikariCP)']
	Database driver: undefined/unknown
	Database version: 8.0.43
	Autocommit mode: undefined/unknown
	Isolation level: undefined/unknown
	Minimum pool size: undefined/unknown
	Maximum pool size: undefined/unknown
2025-10-29 15:20:53.110  INFO 5188 --- [restartedMain] o.h.e.t.j.p.i.JtaPlatformInitiator       : HHH000489: No JTA platform available (set 'hibernate.transaction.jta.platform' to enable JTA platform integration)
2025-10-29 15:20:53.118  INFO 5188 --- [restartedMain] j.LocalContainerEntityManagerFactoryBean : Initialized JPA EntityManagerFactory for persistence unit 'default'
2025-10-29 15:20:53.811  WARN 5188 --- [restartedMain] JpaBaseConfiguration$JpaWebConfiguration : spring.jpa.open-in-view is enabled by default. Therefore, database queries may be performed during view rendering. Explicitly configure spring.jpa.open-in-view to disable this warning
2025-10-29 15:20:53.878  INFO 5188 --- [restartedMain] o.s.b.a.w.s.WelcomePageHandlerMapping    : Adding welcome page template: index
2025-10-29 15:20:53.974  WARN 5188 --- [restartedMain] ConfigServletWebServerApplicationContext : Exception encountered during context initialization - cancelling refresh attempt: org.springframework.beans.factory.BeanCreationException: Error creating bean with name 'requestMappingHandlerMapping' defined in class path resource [org/springframework/boot/autoconfigure/web/servlet/WebMvcAutoConfiguration$EnableWebMvcConfiguration.class]: Ambiguous mapping. Cannot map 'memberController' method 
edu.thejoeun.goodscommunity.member.controller.MemberController#pageMain()
to {GET [/]}: There is already 'mainController' bean method
edu.thejoeun.goodscommunity.main.controller.MainController#pageMain() mapped.
2025-10-29 15:20:53.975  INFO 5188 --- [restartedMain] j.LocalContainerEntityManagerFactoryBean : Closing JPA EntityManagerFactory for persistence unit 'default'
2025-10-29 15:20:53.980  INFO 5188 --- [restartedMain] com.zaxxer.hikari.HikariDataSource       : MyHikariCP - Shutdown initiated...
2025-10-29 15:20:53.988  INFO 5188 --- [restartedMain] com.zaxxer.hikari.HikariDataSource       : MyHikariCP - Shutdown completed.
2025-10-29 15:20:53.990  INFO 5188 --- [restartedMain] o.apache.catalina.core.StandardService   : Stopping service [Tomcat]
2025-10-29 15:20:54.011  INFO 5188 --- [restartedMain] .s.b.a.l.ConditionEvaluationReportLogger : 

Error starting ApplicationContext. To display the condition evaluation report re-run your application with 'debug' enabled.
2025-10-29 15:20:54.043 ERROR 5188 --- [restartedMain] o.s.boot.SpringApplication               : Application run failed

org.springframework.beans.factory.BeanCreationException: Error creating bean with name 'requestMappingHandlerMapping' defined in class path resource [org/springframework/boot/autoconfigure/web/servlet/WebMvcAutoConfiguration$EnableWebMvcConfiguration.class]: Ambiguous mapping. Cannot map 'memberController' method 
edu.thejoeun.goodscommunity.member.controller.MemberController#pageMain()
to {GET [/]}: There is already 'mainController' bean method
edu.thejoeun.goodscommunity.main.controller.MainController#pageMain() mapped.
	at org.springframework.beans.factory.support.AbstractAutowireCapableBeanFactory.initializeBean(AbstractAutowireCapableBeanFactory.java:1826)
	at org.springframework.beans.factory.support.AbstractAutowireCapableBeanFactory.doCreateBean(AbstractAutowireCapableBeanFactory.java:607)
	at org.springframework.beans.factory.support.AbstractAutowireCapableBeanFactory.createBean(AbstractAutowireCapableBeanFactory.java:529)
	at org.springframework.beans.factory.support.AbstractBeanFactory.lambda$doGetBean$0(AbstractBeanFactory.java:339)
	at org.springframework.beans.factory.support.DefaultSingletonBeanRegistry.getSingleton(DefaultSingletonBeanRegistry.java:373)
	at org.springframework.beans.factory.support.AbstractBeanFactory.doGetBean(AbstractBeanFactory.java:337)
	at org.springframework.beans.factory.support.AbstractBeanFactory.getBean(AbstractBeanFactory.java:202)
	at org.springframework.beans.factory.support.DefaultListableBeanFactory.instantiateSingleton(DefaultListableBeanFactory.java:1221)
	at org.springframework.beans.factory.support.DefaultListableBeanFactory.preInstantiateSingleton(DefaultListableBeanFactory.java:1187)
	at org.springframework.beans.factory.support.DefaultListableBeanFactory.preInstantiateSingletons(DefaultListableBeanFactory.java:1123)
	at org.springframework.context.support.AbstractApplicationContext.finishBeanFactoryInitialization(AbstractApplicationContext.java:987)
	at org.springframework.context.support.AbstractApplicationContext.refresh(AbstractApplicationContext.java:627)
	at org.springframework.boot.web.servlet.context.ServletWebServerApplicationContext.refresh(ServletWebServerApplicationContext.java:146)
	at org.springframework.boot.SpringApplication.refresh(SpringApplication.java:752)
	at org.springframework.boot.SpringApplication.refreshContext(SpringApplication.java:439)
	at org.springframework.boot.SpringApplication.run(SpringApplication.java:318)
	at org.springframework.boot.SpringApplication.run(SpringApplication.java:1361)
	at org.springframework.boot.SpringApplication.run(SpringApplication.java:1350)
	at edu.thejoeun.goodscommunity.GoodsCommunityApplication.main(GoodsCommunityApplication.java:12)
	at java.base/jdk.internal.reflect.DirectMethodHandleAccessor.invoke(DirectMethodHandleAccessor.java:103)
	at java.base/java.lang.reflect.Method.invoke(Method.java:580)
	at org.springframework.boot.devtools.restart.RestartLauncher.run(RestartLauncher.java:50)
Caused by: java.lang.IllegalStateException: Ambiguous mapping. Cannot map 'memberController' method 
edu.thejoeun.goodscommunity.member.controller.MemberController#pageMain()
to {GET [/]}: There is already 'mainController' bean method
edu.thejoeun.goodscommunity.main.controller.MainController#pageMain() mapped.
	at org.springframework.web.servlet.handler.AbstractHandlerMethodMapping$MappingRegistry.validateMethodMapping(AbstractHandlerMethodMapping.java:676)
	at org.springframework.web.servlet.handler.AbstractHandlerMethodMapping$MappingRegistry.register(AbstractHandlerMethodMapping.java:637)
	at org.springframework.web.servlet.handler.AbstractHandlerMethodMapping.registerHandlerMethod(AbstractHandlerMethodMapping.java:331)
	at org.springframework.web.servlet.mvc.method.annotation.RequestMappingHandlerMapping.registerHandlerMethod(RequestMappingHandlerMapping.java:507)
	at org.springframework.web.servlet.mvc.method.annotation.RequestMappingHandlerMapping.registerHandlerMethod(RequestMappingHandlerMapping.java:84)
	at org.springframework.web.servlet.handler.AbstractHandlerMethodMapping.lambda$detectHandlerMethods$2(AbstractHandlerMethodMapping.java:298)
	at java.base/java.util.LinkedHashMap.forEach(LinkedHashMap.java:986)
	at org.springframework.web.servlet.handler.AbstractHandlerMethodMapping.detectHandlerMethods(AbstractHandlerMethodMapping.java:296)
	at org.springframework.web.servlet.handler.AbstractHandlerMethodMapping.processCandidateBean(AbstractHandlerMethodMapping.java:265)
	at org.springframework.web.servlet.handler.AbstractHandlerMethodMapping.initHandlerMethods(AbstractHandlerMethodMapping.java:224)
	at org.springframework.web.servlet.handler.AbstractHandlerMethodMapping.afterPropertiesSet(AbstractHandlerMethodMapping.java:212)
	at org.springframework.web.servlet.mvc.method.annotation.RequestMappingHandlerMapping.afterPropertiesSet(RequestMappingHandlerMapping.java:237)
	at org.springframework.beans.factory.support.AbstractAutowireCapableBeanFactory.invokeInitMethods(AbstractAutowireCapableBeanFactory.java:1873)
	at org.springframework.beans.factory.support.AbstractAutowireCapableBeanFactory.initializeBean(AbstractAutowireCapableBeanFactory.java:1822)
	... 21 common frames omitted

2025-10-29 15:30:43.114  INFO 10212 --- [restartedMain] e.t.g.GoodsCommunityApplication          : Starting GoodsCommunityApplication using Java 21.0.8 with PID 10212 (C:\Users\TJ\Desktop\새 폴더 (2)\springboot-workspace\GoodsCommunity\build\classes\java\main started by TJ in C:\Users\TJ\Desktop\새 폴더 (2)\springboot-workspace\GoodsCommunity)
2025-10-29 15:30:43.117 DEBUG 10212 --- [restartedMain] e.t.g.GoodsCommunityApplication          : Running with Spring Boot v3.5.6, Spring v6.2.11
2025-10-29 15:30:43.118  INFO 10212 --- [restartedMain] e.t.g.GoodsCommunityApplication          : No active profile set, falling back to 1 default profile: "default"
2025-10-29 15:30:43.202  INFO 10212 --- [restartedMain] .e.DevToolsPropertyDefaultsPostProcessor : Devtools property defaults active! Set 'spring.devtools.add-properties' to 'false' to disable
2025-10-29 15:30:43.202  INFO 10212 --- [restartedMain] .e.DevToolsPropertyDefaultsPostProcessor : For additional web related logging consider setting the 'logging.level.web' property to 'DEBUG'
2025-10-29 15:30:44.630  INFO 10212 --- [restartedMain] .s.d.r.c.RepositoryConfigurationDelegate : Bootstrapping Spring Data JPA repositories in DEFAULT mode.
2025-10-29 15:30:44.657  INFO 10212 --- [restartedMain] .s.d.r.c.RepositoryConfigurationDelegate : Finished Spring Data repository scanning in 15 ms. Found 0 JPA repository interfaces.
2025-10-29 15:30:45.729  INFO 10212 --- [restartedMain] o.s.b.w.embedded.tomcat.TomcatWebServer  : Tomcat initialized with port 8080 (http)
2025-10-29 15:30:45.744  INFO 10212 --- [restartedMain] o.apache.catalina.core.StandardService   : Starting service [Tomcat]
2025-10-29 15:30:45.745  INFO 10212 --- [restartedMain] o.apache.catalina.core.StandardEngine    : Starting Servlet engine: [Apache Tomcat/10.1.46]
2025-10-29 15:30:45.809  INFO 10212 --- [restartedMain] o.a.c.c.C.[Tomcat].[localhost].[/]       : Initializing Spring embedded WebApplicationContext
2025-10-29 15:30:45.809  INFO 10212 --- [restartedMain] w.s.c.ServletWebServerApplicationContext : Root WebApplicationContext: initialization completed in 2604 ms
2025-10-29 15:30:46.233  INFO 10212 --- [restartedMain] o.hibernate.jpa.internal.util.LogHelper  : HHH000204: Processing PersistenceUnitInfo [name: default]
2025-10-29 15:30:46.299  INFO 10212 --- [restartedMain] org.hibernate.Version                    : HHH000412: Hibernate ORM core version 6.6.29.Final
2025-10-29 15:30:46.340  INFO 10212 --- [restartedMain] o.h.c.internal.RegionFactoryInitiator    : HHH000026: Second-level cache disabled
2025-10-29 15:30:46.685  INFO 10212 --- [restartedMain] o.s.o.j.p.SpringPersistenceUnitInfo      : No LoadTimeWeaver setup: ignoring JPA class transformer
2025-10-29 15:30:46.723  WARN 10212 --- [restartedMain] com.zaxxer.hikari.HikariConfig           : MyHikariCP - idleTimeout has been set but has no effect because the pool is operating as a fixed size pool.
2025-10-29 15:30:46.723  INFO 10212 --- [restartedMain] com.zaxxer.hikari.HikariDataSource       : MyHikariCP - Starting...
2025-10-29 15:30:47.107  INFO 10212 --- [restartedMain] com.zaxxer.hikari.pool.HikariPool        : MyHikariCP - Added connection com.mysql.cj.jdbc.ConnectionImpl@4652cee6
2025-10-29 15:30:47.109  INFO 10212 --- [restartedMain] com.zaxxer.hikari.HikariDataSource       : MyHikariCP - Start completed.
2025-10-29 15:30:47.181  WARN 10212 --- [restartedMain] org.hibernate.orm.deprecation            : HHH90000025: MySQLDialect does not need to be specified explicitly using 'hibernate.dialect' (remove the property setting and it will be selected by default)
2025-10-29 15:30:47.205  INFO 10212 --- [restartedMain] org.hibernate.orm.connections.pooling    : HHH10001005: Database info:
	Database JDBC URL [Connecting through datasource 'HikariDataSource (MyHikariCP)']
	Database driver: undefined/unknown
	Database version: 8.0.43
	Autocommit mode: undefined/unknown
	Isolation level: undefined/unknown
	Minimum pool size: undefined/unknown
	Maximum pool size: undefined/unknown
2025-10-29 15:30:47.674  INFO 10212 --- [restartedMain] o.h.e.t.j.p.i.JtaPlatformInitiator       : HHH000489: No JTA platform available (set 'hibernate.transaction.jta.platform' to enable JTA platform integration)
2025-10-29 15:30:47.680  INFO 10212 --- [restartedMain] j.LocalContainerEntityManagerFactoryBean : Initialized JPA EntityManagerFactory for persistence unit 'default'
2025-10-29 15:30:48.322  WARN 10212 --- [restartedMain] JpaBaseConfiguration$JpaWebConfiguration : spring.jpa.open-in-view is enabled by default. Therefore, database queries may be performed during view rendering. Explicitly configure spring.jpa.open-in-view to disable this warning
2025-10-29 15:30:48.387  INFO 10212 --- [restartedMain] o.s.b.a.w.s.WelcomePageHandlerMapping    : Adding welcome page template: index
2025-10-29 15:30:48.466  WARN 10212 --- [restartedMain] ConfigServletWebServerApplicationContext : Exception encountered during context initialization - cancelling refresh attempt: org.springframework.beans.factory.BeanCreationException: Error creating bean with name 'requestMappingHandlerMapping' defined in class path resource [org/springframework/boot/autoconfigure/web/servlet/WebMvcAutoConfiguration$EnableWebMvcConfiguration.class]: Ambiguous mapping. Cannot map 'memberController' method 
edu.thejoeun.goodscommunity.member.controller.MemberController#pageMain()
to {GET [/]}: There is already 'mainController' bean method
edu.thejoeun.goodscommunity.main.controller.MainController#pageMain() mapped.
2025-10-29 15:30:48.468  INFO 10212 --- [restartedMain] j.LocalContainerEntityManagerFactoryBean : Closing JPA EntityManagerFactory for persistence unit 'default'
2025-10-29 15:30:48.472  INFO 10212 --- [restartedMain] com.zaxxer.hikari.HikariDataSource       : MyHikariCP - Shutdown initiated...
2025-10-29 15:30:48.489  INFO 10212 --- [restartedMain] com.zaxxer.hikari.HikariDataSource       : MyHikariCP - Shutdown completed.
2025-10-29 15:30:48.492  INFO 10212 --- [restartedMain] o.apache.catalina.core.StandardService   : Stopping service [Tomcat]
2025-10-29 15:30:48.511  INFO 10212 --- [restartedMain] .s.b.a.l.ConditionEvaluationReportLogger : 

Error starting ApplicationContext. To display the condition evaluation report re-run your application with 'debug' enabled.
2025-10-29 15:30:48.539 ERROR 10212 --- [restartedMain] o.s.boot.SpringApplication               : Application run failed

org.springframework.beans.factory.BeanCreationException: Error creating bean with name 'requestMappingHandlerMapping' defined in class path resource [org/springframework/boot/autoconfigure/web/servlet/WebMvcAutoConfiguration$EnableWebMvcConfiguration.class]: Ambiguous mapping. Cannot map 'memberController' method 
edu.thejoeun.goodscommunity.member.controller.MemberController#pageMain()
to {GET [/]}: There is already 'mainController' bean method
edu.thejoeun.goodscommunity.main.controller.MainController#pageMain() mapped.
	at org.springframework.beans.factory.support.AbstractAutowireCapableBeanFactory.initializeBean(AbstractAutowireCapableBeanFactory.java:1826)
	at org.springframework.beans.factory.support.AbstractAutowireCapableBeanFactory.doCreateBean(AbstractAutowireCapableBeanFactory.java:607)
	at org.springframework.beans.factory.support.AbstractAutowireCapableBeanFactory.createBean(AbstractAutowireCapableBeanFactory.java:529)
	at org.springframework.beans.factory.support.AbstractBeanFactory.lambda$doGetBean$0(AbstractBeanFactory.java:339)
	at org.springframework.beans.factory.support.DefaultSingletonBeanRegistry.getSingleton(DefaultSingletonBeanRegistry.java:373)
	at org.springframework.beans.factory.support.AbstractBeanFactory.doGetBean(AbstractBeanFactory.java:337)
	at org.springframework.beans.factory.support.AbstractBeanFactory.getBean(AbstractBeanFactory.java:202)
	at org.springframework.beans.factory.support.DefaultListableBeanFactory.instantiateSingleton(DefaultListableBeanFactory.java:1221)
	at org.springframework.beans.factory.support.DefaultListableBeanFactory.preInstantiateSingleton(DefaultListableBeanFactory.java:1187)
	at org.springframework.beans.factory.support.DefaultListableBeanFactory.preInstantiateSingletons(DefaultListableBeanFactory.java:1123)
	at org.springframework.context.support.AbstractApplicationContext.finishBeanFactoryInitialization(AbstractApplicationContext.java:987)
	at org.springframework.context.support.AbstractApplicationContext.refresh(AbstractApplicationContext.java:627)
	at org.springframework.boot.web.servlet.context.ServletWebServerApplicationContext.refresh(ServletWebServerApplicationContext.java:146)
	at org.springframework.boot.SpringApplication.refresh(SpringApplication.java:752)
	at org.springframework.boot.SpringApplication.refreshContext(SpringApplication.java:439)
	at org.springframework.boot.SpringApplication.run(SpringApplication.java:318)
	at org.springframework.boot.SpringApplication.run(SpringApplication.java:1361)
	at org.springframework.boot.SpringApplication.run(SpringApplication.java:1350)
	at edu.thejoeun.goodscommunity.GoodsCommunityApplication.main(GoodsCommunityApplication.java:12)
	at java.base/jdk.internal.reflect.DirectMethodHandleAccessor.invoke(DirectMethodHandleAccessor.java:103)
	at java.base/java.lang.reflect.Method.invoke(Method.java:580)
	at org.springframework.boot.devtools.restart.RestartLauncher.run(RestartLauncher.java:50)
Caused by: java.lang.IllegalStateException: Ambiguous mapping. Cannot map 'memberController' method 
edu.thejoeun.goodscommunity.member.controller.MemberController#pageMain()
to {GET [/]}: There is already 'mainController' bean method
edu.thejoeun.goodscommunity.main.controller.MainController#pageMain() mapped.
	at org.springframework.web.servlet.handler.AbstractHandlerMethodMapping$MappingRegistry.validateMethodMapping(AbstractHandlerMethodMapping.java:676)
	at org.springframework.web.servlet.handler.AbstractHandlerMethodMapping$MappingRegistry.register(AbstractHandlerMethodMapping.java:637)
	at org.springframework.web.servlet.handler.AbstractHandlerMethodMapping.registerHandlerMethod(AbstractHandlerMethodMapping.java:331)
	at org.springframework.web.servlet.mvc.method.annotation.RequestMappingHandlerMapping.registerHandlerMethod(RequestMappingHandlerMapping.java:507)
	at org.springframework.web.servlet.mvc.method.annotation.RequestMappingHandlerMapping.registerHandlerMethod(RequestMappingHandlerMapping.java:84)
	at org.springframework.web.servlet.handler.AbstractHandlerMethodMapping.lambda$detectHandlerMethods$2(AbstractHandlerMethodMapping.java:298)
	at java.base/java.util.LinkedHashMap.forEach(LinkedHashMap.java:986)
	at org.springframework.web.servlet.handler.AbstractHandlerMethodMapping.detectHandlerMethods(AbstractHandlerMethodMapping.java:296)
	at org.springframework.web.servlet.handler.AbstractHandlerMethodMapping.processCandidateBean(AbstractHandlerMethodMapping.java:265)
	at org.springframework.web.servlet.handler.AbstractHandlerMethodMapping.initHandlerMethods(AbstractHandlerMethodMapping.java:224)
	at org.springframework.web.servlet.handler.AbstractHandlerMethodMapping.afterPropertiesSet(AbstractHandlerMethodMapping.java:212)
	at org.springframework.web.servlet.mvc.method.annotation.RequestMappingHandlerMapping.afterPropertiesSet(RequestMappingHandlerMapping.java:237)
	at org.springframework.beans.factory.support.AbstractAutowireCapableBeanFactory.invokeInitMethods(AbstractAutowireCapableBeanFactory.java:1873)
	at org.springframework.beans.factory.support.AbstractAutowireCapableBeanFactory.initializeBean(AbstractAutowireCapableBeanFactory.java:1822)
	... 21 common frames omitted

2025-10-29 15:32:05.679  INFO 5464 --- [restartedMain] e.t.g.GoodsCommunityApplication          : Starting GoodsCommunityApplication using Java 21.0.8 with PID 5464 (C:\Users\TJ\Desktop\새 폴더 (2)\springboot-workspace\GoodsCommunity\build\classes\java\main started by TJ in C:\Users\TJ\Desktop\새 폴더 (2)\springboot-workspace\GoodsCommunity)
2025-10-29 15:32:05.680 DEBUG 5464 --- [restartedMain] e.t.g.GoodsCommunityApplication          : Running with Spring Boot v3.5.6, Spring v6.2.11
2025-10-29 15:32:05.681  INFO 5464 --- [restartedMain] e.t.g.GoodsCommunityApplication          : No active profile set, falling back to 1 default profile: "default"
2025-10-29 15:32:05.755  INFO 5464 --- [restartedMain] .e.DevToolsPropertyDefaultsPostProcessor : Devtools property defaults active! Set 'spring.devtools.add-properties' to 'false' to disable
2025-10-29 15:32:05.755  INFO 5464 --- [restartedMain] .e.DevToolsPropertyDefaultsPostProcessor : For additional web related logging consider setting the 'logging.level.web' property to 'DEBUG'
2025-10-29 15:32:07.623  INFO 5464 --- [restartedMain] .s.d.r.c.RepositoryConfigurationDelegate : Bootstrapping Spring Data JPA repositories in DEFAULT mode.
2025-10-29 15:32:07.650  INFO 5464 --- [restartedMain] .s.d.r.c.RepositoryConfigurationDelegate : Finished Spring Data repository scanning in 15 ms. Found 0 JPA repository interfaces.
2025-10-29 15:32:08.881  INFO 5464 --- [restartedMain] o.s.b.w.embedded.tomcat.TomcatWebServer  : Tomcat initialized with port 8080 (http)
2025-10-29 15:32:08.896  INFO 5464 --- [restartedMain] o.apache.catalina.core.StandardService   : Starting service [Tomcat]
2025-10-29 15:32:08.897  INFO 5464 --- [restartedMain] o.apache.catalina.core.StandardEngine    : Starting Servlet engine: [Apache Tomcat/10.1.46]
2025-10-29 15:32:08.962  INFO 5464 --- [restartedMain] o.a.c.c.C.[Tomcat].[localhost].[/]       : Initializing Spring embedded WebApplicationContext
2025-10-29 15:32:08.963  INFO 5464 --- [restartedMain] w.s.c.ServletWebServerApplicationContext : Root WebApplicationContext: initialization completed in 3186 ms
2025-10-29 15:32:09.479  INFO 5464 --- [restartedMain] o.hibernate.jpa.internal.util.LogHelper  : HHH000204: Processing PersistenceUnitInfo [name: default]
2025-10-29 15:32:09.554  INFO 5464 --- [restartedMain] org.hibernate.Version                    : HHH000412: Hibernate ORM core version 6.6.29.Final
2025-10-29 15:32:09.603  INFO 5464 --- [restartedMain] o.h.c.internal.RegionFactoryInitiator    : HHH000026: Second-level cache disabled
2025-10-29 15:32:10.043  INFO 5464 --- [restartedMain] o.s.o.j.p.SpringPersistenceUnitInfo      : No LoadTimeWeaver setup: ignoring JPA class transformer
2025-10-29 15:32:10.081  WARN 5464 --- [restartedMain] com.zaxxer.hikari.HikariConfig           : MyHikariCP - idleTimeout has been set but has no effect because the pool is operating as a fixed size pool.
2025-10-29 15:32:10.081  INFO 5464 --- [restartedMain] com.zaxxer.hikari.HikariDataSource       : MyHikariCP - Starting...
2025-10-29 15:32:10.638  INFO 5464 --- [restartedMain] com.zaxxer.hikari.pool.HikariPool        : MyHikariCP - Added connection com.mysql.cj.jdbc.ConnectionImpl@20b96b29
2025-10-29 15:32:10.640  INFO 5464 --- [restartedMain] com.zaxxer.hikari.HikariDataSource       : MyHikariCP - Start completed.
2025-10-29 15:32:10.713  WARN 5464 --- [restartedMain] org.hibernate.orm.deprecation            : HHH90000025: MySQLDialect does not need to be specified explicitly using 'hibernate.dialect' (remove the property setting and it will be selected by default)
2025-10-29 15:32:10.739  INFO 5464 --- [restartedMain] org.hibernate.orm.connections.pooling    : HHH10001005: Database info:
	Database JDBC URL [Connecting through datasource 'HikariDataSource (MyHikariCP)']
	Database driver: undefined/unknown
	Database version: 8.0.43
	Autocommit mode: undefined/unknown
	Isolation level: undefined/unknown
	Minimum pool size: undefined/unknown
	Maximum pool size: undefined/unknown
2025-10-29 15:32:11.273  INFO 5464 --- [restartedMain] o.h.e.t.j.p.i.JtaPlatformInitiator       : HHH000489: No JTA platform available (set 'hibernate.transaction.jta.platform' to enable JTA platform integration)
2025-10-29 15:32:11.283  INFO 5464 --- [restartedMain] j.LocalContainerEntityManagerFactoryBean : Initialized JPA EntityManagerFactory for persistence unit 'default'
2025-10-29 15:32:12.003  WARN 5464 --- [restartedMain] JpaBaseConfiguration$JpaWebConfiguration : spring.jpa.open-in-view is enabled by default. Therefore, database queries may be performed during view rendering. Explicitly configure spring.jpa.open-in-view to disable this warning
2025-10-29 15:32:12.078  INFO 5464 --- [restartedMain] o.s.b.a.w.s.WelcomePageHandlerMapping    : Adding welcome page template: index
2025-10-29 15:32:12.169  WARN 5464 --- [restartedMain] ConfigServletWebServerApplicationContext : Exception encountered during context initialization - cancelling refresh attempt: org.springframework.beans.factory.BeanCreationException: Error creating bean with name 'requestMappingHandlerMapping' defined in class path resource [org/springframework/boot/autoconfigure/web/servlet/WebMvcAutoConfiguration$EnableWebMvcConfiguration.class]: Ambiguous mapping. Cannot map 'memberController' method 
edu.thejoeun.goodscommunity.member.controller.MemberController#pageMain()
to {GET [/]}: There is already 'mainController' bean method
edu.thejoeun.goodscommunity.main.controller.MainController#pageMain() mapped.
2025-10-29 15:32:12.170  INFO 5464 --- [restartedMain] j.LocalContainerEntityManagerFactoryBean : Closing JPA EntityManagerFactory for persistence unit 'default'
2025-10-29 15:32:12.174  INFO 5464 --- [restartedMain] com.zaxxer.hikari.HikariDataSource       : MyHikariCP - Shutdown initiated...
2025-10-29 15:32:12.182  INFO 5464 --- [restartedMain] com.zaxxer.hikari.HikariDataSource       : MyHikariCP - Shutdown completed.
2025-10-29 15:32:12.184  INFO 5464 --- [restartedMain] o.apache.catalina.core.StandardService   : Stopping service [Tomcat]
2025-10-29 15:32:12.204  INFO 5464 --- [restartedMain] .s.b.a.l.ConditionEvaluationReportLogger : 

Error starting ApplicationContext. To display the condition evaluation report re-run your application with 'debug' enabled.
2025-10-29 15:32:12.245 ERROR 5464 --- [restartedMain] o.s.boot.SpringApplication               : Application run failed

org.springframework.beans.factory.BeanCreationException: Error creating bean with name 'requestMappingHandlerMapping' defined in class path resource [org/springframework/boot/autoconfigure/web/servlet/WebMvcAutoConfiguration$EnableWebMvcConfiguration.class]: Ambiguous mapping. Cannot map 'memberController' method 
edu.thejoeun.goodscommunity.member.controller.MemberController#pageMain()
to {GET [/]}: There is already 'mainController' bean method
edu.thejoeun.goodscommunity.main.controller.MainController#pageMain() mapped.
	at org.springframework.beans.factory.support.AbstractAutowireCapableBeanFactory.initializeBean(AbstractAutowireCapableBeanFactory.java:1826)
	at org.springframework.beans.factory.support.AbstractAutowireCapableBeanFactory.doCreateBean(AbstractAutowireCapableBeanFactory.java:607)
	at org.springframework.beans.factory.support.AbstractAutowireCapableBeanFactory.createBean(AbstractAutowireCapableBeanFactory.java:529)
	at org.springframework.beans.factory.support.AbstractBeanFactory.lambda$doGetBean$0(AbstractBeanFactory.java:339)
	at org.springframework.beans.factory.support.DefaultSingletonBeanRegistry.getSingleton(DefaultSingletonBeanRegistry.java:373)
	at org.springframework.beans.factory.support.AbstractBeanFactory.doGetBean(AbstractBeanFactory.java:337)
	at org.springframework.beans.factory.support.AbstractBeanFactory.getBean(AbstractBeanFactory.java:202)
	at org.springframework.beans.factory.support.DefaultListableBeanFactory.instantiateSingleton(DefaultListableBeanFactory.java:1221)
	at org.springframework.beans.factory.support.DefaultListableBeanFactory.preInstantiateSingleton(DefaultListableBeanFactory.java:1187)
	at org.springframework.beans.factory.support.DefaultListableBeanFactory.preInstantiateSingletons(DefaultListableBeanFactory.java:1123)
	at org.springframework.context.support.AbstractApplicationContext.finishBeanFactoryInitialization(AbstractApplicationContext.java:987)
	at org.springframework.context.support.AbstractApplicationContext.refresh(AbstractApplicationContext.java:627)
	at org.springframework.boot.web.servlet.context.ServletWebServerApplicationContext.refresh(ServletWebServerApplicationContext.java:146)
	at org.springframework.boot.SpringApplication.refresh(SpringApplication.java:752)
	at org.springframework.boot.SpringApplication.refreshContext(SpringApplication.java:439)
	at org.springframework.boot.SpringApplication.run(SpringApplication.java:318)
	at org.springframework.boot.SpringApplication.run(SpringApplication.java:1361)
	at org.springframework.boot.SpringApplication.run(SpringApplication.java:1350)
	at edu.thejoeun.goodscommunity.GoodsCommunityApplication.main(GoodsCommunityApplication.java:12)
	at java.base/jdk.internal.reflect.DirectMethodHandleAccessor.invoke(DirectMethodHandleAccessor.java:103)
	at java.base/java.lang.reflect.Method.invoke(Method.java:580)
	at org.springframework.boot.devtools.restart.RestartLauncher.run(RestartLauncher.java:50)
Caused by: java.lang.IllegalStateException: Ambiguous mapping. Cannot map 'memberController' method 
edu.thejoeun.goodscommunity.member.controller.MemberController#pageMain()
to {GET [/]}: There is already 'mainController' bean method
edu.thejoeun.goodscommunity.main.controller.MainController#pageMain() mapped.
	at org.springframework.web.servlet.handler.AbstractHandlerMethodMapping$MappingRegistry.validateMethodMapping(AbstractHandlerMethodMapping.java:676)
	at org.springframework.web.servlet.handler.AbstractHandlerMethodMapping$MappingRegistry.register(AbstractHandlerMethodMapping.java:637)
	at org.springframework.web.servlet.handler.AbstractHandlerMethodMapping.registerHandlerMethod(AbstractHandlerMethodMapping.java:331)
	at org.springframework.web.servlet.mvc.method.annotation.RequestMappingHandlerMapping.registerHandlerMethod(RequestMappingHandlerMapping.java:507)
	at org.springframework.web.servlet.mvc.method.annotation.RequestMappingHandlerMapping.registerHandlerMethod(RequestMappingHandlerMapping.java:84)
	at org.springframework.web.servlet.handler.AbstractHandlerMethodMapping.lambda$detectHandlerMethods$2(AbstractHandlerMethodMapping.java:298)
	at java.base/java.util.LinkedHashMap.forEach(LinkedHashMap.java:986)
	at org.springframework.web.servlet.handler.AbstractHandlerMethodMapping.detectHandlerMethods(AbstractHandlerMethodMapping.java:296)
	at org.springframework.web.servlet.handler.AbstractHandlerMethodMapping.processCandidateBean(AbstractHandlerMethodMapping.java:265)
	at org.springframework.web.servlet.handler.AbstractHandlerMethodMapping.initHandlerMethods(AbstractHandlerMethodMapping.java:224)
	at org.springframework.web.servlet.handler.AbstractHandlerMethodMapping.afterPropertiesSet(AbstractHandlerMethodMapping.java:212)
	at org.springframework.web.servlet.mvc.method.annotation.RequestMappingHandlerMapping.afterPropertiesSet(RequestMappingHandlerMapping.java:237)
	at org.springframework.beans.factory.support.AbstractAutowireCapableBeanFactory.invokeInitMethods(AbstractAutowireCapableBeanFactory.java:1873)
	at org.springframework.beans.factory.support.AbstractAutowireCapableBeanFactory.initializeBean(AbstractAutowireCapableBeanFactory.java:1822)
	... 21 common frames omitted

2025-10-29 15:36:05.689  INFO 12124 --- [restartedMain] e.t.g.GoodsCommunityApplication          : Starting GoodsCommunityApplication using Java 21.0.8 with PID 12124 (C:\Users\TJ\Desktop\새 폴더 (2)\springboot-workspace\GoodsCommunity\build\classes\java\main started by TJ in C:\Users\TJ\Desktop\새 폴더 (2)\springboot-workspace\GoodsCommunity)
2025-10-29 15:36:05.691 DEBUG 12124 --- [restartedMain] e.t.g.GoodsCommunityApplication          : Running with Spring Boot v3.5.6, Spring v6.2.11
2025-10-29 15:36:05.692  INFO 12124 --- [restartedMain] e.t.g.GoodsCommunityApplication          : No active profile set, falling back to 1 default profile: "default"
2025-10-29 15:36:05.753  INFO 12124 --- [restartedMain] .e.DevToolsPropertyDefaultsPostProcessor : Devtools property defaults active! Set 'spring.devtools.add-properties' to 'false' to disable
2025-10-29 15:36:05.753  INFO 12124 --- [restartedMain] .e.DevToolsPropertyDefaultsPostProcessor : For additional web related logging consider setting the 'logging.level.web' property to 'DEBUG'
2025-10-29 15:36:07.308  INFO 12124 --- [restartedMain] .s.d.r.c.RepositoryConfigurationDelegate : Bootstrapping Spring Data JPA repositories in DEFAULT mode.
2025-10-29 15:36:07.334  INFO 12124 --- [restartedMain] .s.d.r.c.RepositoryConfigurationDelegate : Finished Spring Data repository scanning in 14 ms. Found 0 JPA repository interfaces.
2025-10-29 15:36:08.408  INFO 12124 --- [restartedMain] o.s.b.w.embedded.tomcat.TomcatWebServer  : Tomcat initialized with port 8080 (http)
2025-10-29 15:36:08.423  INFO 12124 --- [restartedMain] o.apache.catalina.core.StandardService   : Starting service [Tomcat]
2025-10-29 15:36:08.424  INFO 12124 --- [restartedMain] o.apache.catalina.core.StandardEngine    : Starting Servlet engine: [Apache Tomcat/10.1.46]
2025-10-29 15:36:08.494  INFO 12124 --- [restartedMain] o.a.c.c.C.[Tomcat].[localhost].[/]       : Initializing Spring embedded WebApplicationContext
2025-10-29 15:36:08.494  INFO 12124 --- [restartedMain] w.s.c.ServletWebServerApplicationContext : Root WebApplicationContext: initialization completed in 2740 ms
2025-10-29 15:36:08.916  INFO 12124 --- [restartedMain] o.hibernate.jpa.internal.util.LogHelper  : HHH000204: Processing PersistenceUnitInfo [name: default]
2025-10-29 15:36:08.988  INFO 12124 --- [restartedMain] org.hibernate.Version                    : HHH000412: Hibernate ORM core version 6.6.29.Final
2025-10-29 15:36:09.028  INFO 12124 --- [restartedMain] o.h.c.internal.RegionFactoryInitiator    : HHH000026: Second-level cache disabled
2025-10-29 15:36:09.379  INFO 12124 --- [restartedMain] o.s.o.j.p.SpringPersistenceUnitInfo      : No LoadTimeWeaver setup: ignoring JPA class transformer
2025-10-29 15:36:09.415  WARN 12124 --- [restartedMain] com.zaxxer.hikari.HikariConfig           : MyHikariCP - idleTimeout has been set but has no effect because the pool is operating as a fixed size pool.
2025-10-29 15:36:09.416  INFO 12124 --- [restartedMain] com.zaxxer.hikari.HikariDataSource       : MyHikariCP - Starting...
2025-10-29 15:36:09.770  INFO 12124 --- [restartedMain] com.zaxxer.hikari.pool.HikariPool        : MyHikariCP - Added connection com.mysql.cj.jdbc.ConnectionImpl@593841db
2025-10-29 15:36:09.772  INFO 12124 --- [restartedMain] com.zaxxer.hikari.HikariDataSource       : MyHikariCP - Start completed.
2025-10-29 15:36:09.833  WARN 12124 --- [restartedMain] org.hibernate.orm.deprecation            : HHH90000025: MySQLDialect does not need to be specified explicitly using 'hibernate.dialect' (remove the property setting and it will be selected by default)
2025-10-29 15:36:09.854  INFO 12124 --- [restartedMain] org.hibernate.orm.connections.pooling    : HHH10001005: Database info:
	Database JDBC URL [Connecting through datasource 'HikariDataSource (MyHikariCP)']
	Database driver: undefined/unknown
	Database version: 8.0.43
	Autocommit mode: undefined/unknown
	Isolation level: undefined/unknown
	Minimum pool size: undefined/unknown
	Maximum pool size: undefined/unknown
2025-10-29 15:36:10.303  INFO 12124 --- [restartedMain] o.h.e.t.j.p.i.JtaPlatformInitiator       : HHH000489: No JTA platform available (set 'hibernate.transaction.jta.platform' to enable JTA platform integration)
2025-10-29 15:36:10.309  INFO 12124 --- [restartedMain] j.LocalContainerEntityManagerFactoryBean : Initialized JPA EntityManagerFactory for persistence unit 'default'
2025-10-29 15:36:10.935  WARN 12124 --- [restartedMain] JpaBaseConfiguration$JpaWebConfiguration : spring.jpa.open-in-view is enabled by default. Therefore, database queries may be performed during view rendering. Explicitly configure spring.jpa.open-in-view to disable this warning
2025-10-29 15:36:11.009  INFO 12124 --- [restartedMain] o.s.b.a.w.s.WelcomePageHandlerMapping    : Adding welcome page template: index
2025-10-29 15:36:12.209  INFO 12124 --- [restartedMain] o.s.b.d.a.OptionalLiveReloadServer       : LiveReload server is running on port 35729
2025-10-29 15:36:12.221  INFO 12124 --- [restartedMain] o.s.b.a.e.web.EndpointLinksResolver      : Exposing 1 endpoint beneath base path '/actuator'
2025-10-29 15:36:12.328  INFO 12124 --- [restartedMain] o.s.b.w.embedded.tomcat.TomcatWebServer  : Tomcat started on port 8080 (http) with context path '/'
2025-10-29 15:36:12.348  INFO 12124 --- [restartedMain] e.t.g.GoodsCommunityApplication          : Started GoodsCommunityApplication in 7.353 seconds (process running for 8.304)
2025-10-29 15:36:13.385  INFO 12124 --- [RMI TCP Connection(6)-192.168.0.210] o.a.c.c.C.[Tomcat].[localhost].[/]       : Initializing Spring DispatcherServlet 'dispatcherServlet'
2025-10-29 15:36:13.386  INFO 12124 --- [RMI TCP Connection(6)-192.168.0.210] o.s.web.servlet.DispatcherServlet        : Initializing Servlet 'dispatcherServlet'
2025-10-29 15:36:13.391  INFO 12124 --- [RMI TCP Connection(6)-192.168.0.210] o.s.web.servlet.DispatcherServlet        : Completed initialization in 2 ms
2025-10-29 15:36:20.020  INFO 12124 --- [scheduling-1] e.t.g.common.scheduling.BoardScheduling  : ===인기글 업데이트 스케줄러 시작 [2025-10-29 15:36:20]===
2025-10-29 15:36:20.025  INFO 12124 --- [scheduling-1] e.t.g.common.aop.LoggingAspect           : ========== SchedulingServiceImpl.updatePopularBoards() 서비스 호출 ==========
2025-10-29 15:36:20.025  INFO 12124 --- [scheduling-1] e.t.g.common.aop.LoggingAspect           : Parameter : []
2025-10-29 15:36:20.051 DEBUG 12124 --- [scheduling-1] e.t.g.c.s.s.S.deleteAllPopularBoards     : ==>  Preparing: DELETE FROM popular_board
2025-10-29 15:36:20.076 DEBUG 12124 --- [scheduling-1] e.t.g.c.s.s.S.deleteAllPopularBoards     : ==> Parameters: 
2025-10-29 15:36:20.084 DEBUG 12124 --- [scheduling-1] e.t.g.c.s.s.S.deleteAllPopularBoards     : <==    Updates: 10
2025-10-29 15:36:20.091 DEBUG 12124 --- [scheduling-1] e.t.g.c.s.s.S.insertPopularBoards        : ==>  Preparing: INSERT INTO popular_board (board_id, ranking, updated_at) SELECT id, ROW_NUMBER() OVER(ORDER BY view_count DESC) as ranking, NOW() FROM board ORDER BY view_count DESC LIMIT 10
2025-10-29 15:36:20.092 DEBUG 12124 --- [scheduling-1] e.t.g.c.s.s.S.insertPopularBoards        : ==> Parameters: 
2025-10-29 15:36:20.097 DEBUG 12124 --- [scheduling-1] e.t.g.c.s.s.S.insertPopularBoards        : <==    Updates: 10
2025-10-29 15:36:20.099  INFO 12124 --- [scheduling-1] e.t.g.common.aop.LoggingAspect           : Running Time : 73ms
2025-10-29 15:36:20.100  INFO 12124 --- [scheduling-1] e.t.g.common.aop.LoggingAspect           : ===================================================================================
2025-10-29 15:36:20.100  INFO 12124 --- [scheduling-1] e.t.g.common.scheduling.BoardScheduling  : 인기글 업데이트 완료 : 10
2025-10-29 15:36:20.100  INFO 12124 --- [scheduling-1] e.t.g.common.scheduling.BoardScheduling  : ===인기글 업데이트 스케줄러 종료 [2025-10-29 15:36:20]===
2025-10-29 15:36:30.010  INFO 12124 --- [scheduling-1] e.t.g.common.scheduling.BoardScheduling  : ===인기글 업데이트 스케줄러 시작 [2025-10-29 15:36:30]===
2025-10-29 15:36:30.011  INFO 12124 --- [scheduling-1] e.t.g.common.aop.LoggingAspect           : ========== SchedulingServiceImpl.updatePopularBoards() 서비스 호출 ==========
2025-10-29 15:36:30.012  INFO 12124 --- [scheduling-1] e.t.g.common.aop.LoggingAspect           : Parameter : []
2025-10-29 15:36:30.013 DEBUG 12124 --- [scheduling-1] e.t.g.c.s.s.S.deleteAllPopularBoards     : ==>  Preparing: DELETE FROM popular_board
2025-10-29 15:36:30.014 DEBUG 12124 --- [scheduling-1] e.t.g.c.s.s.S.deleteAllPopularBoards     : ==> Parameters: 
2025-10-29 15:36:30.018 DEBUG 12124 --- [scheduling-1] e.t.g.c.s.s.S.deleteAllPopularBoards     : <==    Updates: 10
2025-10-29 15:36:30.025 DEBUG 12124 --- [scheduling-1] e.t.g.c.s.s.S.insertPopularBoards        : ==>  Preparing: INSERT INTO popular_board (board_id, ranking, updated_at) SELECT id, ROW_NUMBER() OVER(ORDER BY view_count DESC) as ranking, NOW() FROM board ORDER BY view_count DESC LIMIT 10
2025-10-29 15:36:30.027 DEBUG 12124 --- [scheduling-1] e.t.g.c.s.s.S.insertPopularBoards        : ==> Parameters: 
2025-10-29 15:36:30.031 DEBUG 12124 --- [scheduling-1] e.t.g.c.s.s.S.insertPopularBoards        : <==    Updates: 10
2025-10-29 15:36:30.034  INFO 12124 --- [scheduling-1] e.t.g.common.aop.LoggingAspect           : Running Time : 22ms
2025-10-29 15:36:30.034  INFO 12124 --- [scheduling-1] e.t.g.common.aop.LoggingAspect           : ===================================================================================
2025-10-29 15:36:30.034  INFO 12124 --- [scheduling-1] e.t.g.common.scheduling.BoardScheduling  : 인기글 업데이트 완료 : 10
2025-10-29 15:36:30.034  INFO 12124 --- [scheduling-1] e.t.g.common.scheduling.BoardScheduling  : ===인기글 업데이트 스케줄러 종료 [2025-10-29 15:36:30]===
2025-10-29 15:36:40.000  INFO 12124 --- [scheduling-1] e.t.g.common.scheduling.BoardScheduling  : ===인기글 업데이트 스케줄러 시작 [2025-10-29 15:36:40]===
2025-10-29 15:36:40.001  INFO 12124 --- [scheduling-1] e.t.g.common.aop.LoggingAspect           : ========== SchedulingServiceImpl.updatePopularBoards() 서비스 호출 ==========
2025-10-29 15:36:40.001  INFO 12124 --- [scheduling-1] e.t.g.common.aop.LoggingAspect           : Parameter : []
2025-10-29 15:36:40.003 DEBUG 12124 --- [scheduling-1] e.t.g.c.s.s.S.deleteAllPopularBoards     : ==>  Preparing: DELETE FROM popular_board
2025-10-29 15:36:40.004 DEBUG 12124 --- [scheduling-1] e.t.g.c.s.s.S.deleteAllPopularBoards     : ==> Parameters: 
2025-10-29 15:36:40.007 DEBUG 12124 --- [scheduling-1] e.t.g.c.s.s.S.deleteAllPopularBoards     : <==    Updates: 10
2025-10-29 15:36:40.012 DEBUG 12124 --- [scheduling-1] e.t.g.c.s.s.S.insertPopularBoards        : ==>  Preparing: INSERT INTO popular_board (board_id, ranking, updated_at) SELECT id, ROW_NUMBER() OVER(ORDER BY view_count DESC) as ranking, NOW() FROM board ORDER BY view_count DESC LIMIT 10
2025-10-29 15:36:40.012 DEBUG 12124 --- [scheduling-1] e.t.g.c.s.s.S.insertPopularBoards        : ==> Parameters: 
2025-10-29 15:36:40.014 DEBUG 12124 --- [scheduling-1] e.t.g.c.s.s.S.insertPopularBoards        : <==    Updates: 10
2025-10-29 15:36:40.017  INFO 12124 --- [scheduling-1] e.t.g.common.aop.LoggingAspect           : Running Time : 15ms
2025-10-29 15:36:40.017  INFO 12124 --- [scheduling-1] e.t.g.common.aop.LoggingAspect           : ===================================================================================
2025-10-29 15:36:40.017  INFO 12124 --- [scheduling-1] e.t.g.common.scheduling.BoardScheduling  : 인기글 업데이트 완료 : 10
2025-10-29 15:36:40.017  INFO 12124 --- [scheduling-1] e.t.g.common.scheduling.BoardScheduling  : ===인기글 업데이트 스케줄러 종료 [2025-10-29 15:36:40]===
2025-10-29 15:36:50.014  INFO 12124 --- [scheduling-1] e.t.g.common.scheduling.BoardScheduling  : ===인기글 업데이트 스케줄러 시작 [2025-10-29 15:36:50]===
2025-10-29 15:36:50.014  INFO 12124 --- [scheduling-1] e.t.g.common.aop.LoggingAspect           : ========== SchedulingServiceImpl.updatePopularBoards() 서비스 호출 ==========
2025-10-29 15:36:50.014  INFO 12124 --- [scheduling-1] e.t.g.common.aop.LoggingAspect           : Parameter : []
2025-10-29 15:36:50.014 DEBUG 12124 --- [scheduling-1] e.t.g.c.s.s.S.deleteAllPopularBoards     : ==>  Preparing: DELETE FROM popular_board
2025-10-29 15:36:50.014 DEBUG 12124 --- [scheduling-1] e.t.g.c.s.s.S.deleteAllPopularBoards     : ==> Parameters: 
2025-10-29 15:36:50.014 DEBUG 12124 --- [scheduling-1] e.t.g.c.s.s.S.deleteAllPopularBoards     : <==    Updates: 10
2025-10-29 15:36:50.014 DEBUG 12124 --- [scheduling-1] e.t.g.c.s.s.S.insertPopularBoards        : ==>  Preparing: INSERT INTO popular_board (board_id, ranking, updated_at) SELECT id, ROW_NUMBER() OVER(ORDER BY view_count DESC) as ranking, NOW() FROM board ORDER BY view_count DESC LIMIT 10
2025-10-29 15:36:50.014 DEBUG 12124 --- [scheduling-1] e.t.g.c.s.s.S.insertPopularBoards        : ==> Parameters: 
2025-10-29 15:36:50.030 DEBUG 12124 --- [scheduling-1] e.t.g.c.s.s.S.insertPopularBoards        : <==    Updates: 10
2025-10-29 15:36:50.030  INFO 12124 --- [scheduling-1] e.t.g.common.aop.LoggingAspect           : Running Time : 16ms
2025-10-29 15:36:50.030  INFO 12124 --- [scheduling-1] e.t.g.common.aop.LoggingAspect           : ===================================================================================
2025-10-29 15:36:50.030  INFO 12124 --- [scheduling-1] e.t.g.common.scheduling.BoardScheduling  : 인기글 업데이트 완료 : 10
2025-10-29 15:36:50.030  INFO 12124 --- [scheduling-1] e.t.g.common.scheduling.BoardScheduling  : ===인기글 업데이트 스케줄러 종료 [2025-10-29 15:36:50]===
2025-10-29 15:37:00.021  INFO 12124 --- [scheduling-1] e.t.g.common.scheduling.BoardScheduling  : ===인기글 업데이트 스케줄러 시작 [2025-10-29 15:37:00]===
2025-10-29 15:37:00.021  INFO 12124 --- [scheduling-1] e.t.g.common.aop.LoggingAspect           : ========== SchedulingServiceImpl.updatePopularBoards() 서비스 호출 ==========
2025-10-29 15:37:00.021  INFO 12124 --- [scheduling-1] e.t.g.common.aop.LoggingAspect           : Parameter : []
2025-10-29 15:37:00.021 DEBUG 12124 --- [scheduling-1] e.t.g.c.s.s.S.deleteAllPopularBoards     : ==>  Preparing: DELETE FROM popular_board
2025-10-29 15:37:00.021 DEBUG 12124 --- [scheduling-1] e.t.g.c.s.s.S.deleteAllPopularBoards     : ==> Parameters: 
2025-10-29 15:37:00.021 DEBUG 12124 --- [scheduling-1] e.t.g.c.s.s.S.deleteAllPopularBoards     : <==    Updates: 10
2025-10-29 15:37:00.021 DEBUG 12124 --- [scheduling-1] e.t.g.c.s.s.S.insertPopularBoards        : ==>  Preparing: INSERT INTO popular_board (board_id, ranking, updated_at) SELECT id, ROW_NUMBER() OVER(ORDER BY view_count DESC) as ranking, NOW() FROM board ORDER BY view_count DESC LIMIT 10
2025-10-29 15:37:00.021 DEBUG 12124 --- [scheduling-1] e.t.g.c.s.s.S.insertPopularBoards        : ==> Parameters: 
2025-10-29 15:37:00.021 DEBUG 12124 --- [scheduling-1] e.t.g.c.s.s.S.insertPopularBoards        : <==    Updates: 10
2025-10-29 15:37:00.021  INFO 12124 --- [scheduling-1] e.t.g.common.aop.LoggingAspect           : Running Time : 0ms
2025-10-29 15:37:00.021  INFO 12124 --- [scheduling-1] e.t.g.common.aop.LoggingAspect           : ===================================================================================
2025-10-29 15:37:00.021  INFO 12124 --- [scheduling-1] e.t.g.common.scheduling.BoardScheduling  : 인기글 업데이트 완료 : 10
2025-10-29 15:37:00.021  INFO 12124 --- [scheduling-1] e.t.g.common.scheduling.BoardScheduling  : ===인기글 업데이트 스케줄러 종료 [2025-10-29 15:37:00]===
2025-10-29 15:37:10.012  INFO 12124 --- [scheduling-1] e.t.g.common.scheduling.BoardScheduling  : ===인기글 업데이트 스케줄러 시작 [2025-10-29 15:37:10]===
2025-10-29 15:37:10.012  INFO 12124 --- [scheduling-1] e.t.g.common.aop.LoggingAspect           : ========== SchedulingServiceImpl.updatePopularBoards() 서비스 호출 ==========
2025-10-29 15:37:10.012  INFO 12124 --- [scheduling-1] e.t.g.common.aop.LoggingAspect           : Parameter : []
2025-10-29 15:37:10.012 DEBUG 12124 --- [scheduling-1] e.t.g.c.s.s.S.deleteAllPopularBoards     : ==>  Preparing: DELETE FROM popular_board
2025-10-29 15:37:10.012 DEBUG 12124 --- [scheduling-1] e.t.g.c.s.s.S.deleteAllPopularBoards     : ==> Parameters: 
2025-10-29 15:37:10.012 DEBUG 12124 --- [scheduling-1] e.t.g.c.s.s.S.deleteAllPopularBoards     : <==    Updates: 10
2025-10-29 15:37:10.012 DEBUG 12124 --- [scheduling-1] e.t.g.c.s.s.S.insertPopularBoards        : ==>  Preparing: INSERT INTO popular_board (board_id, ranking, updated_at) SELECT id, ROW_NUMBER() OVER(ORDER BY view_count DESC) as ranking, NOW() FROM board ORDER BY view_count DESC LIMIT 10
2025-10-29 15:37:10.012 DEBUG 12124 --- [scheduling-1] e.t.g.c.s.s.S.insertPopularBoards        : ==> Parameters: 
2025-10-29 15:37:10.012 DEBUG 12124 --- [scheduling-1] e.t.g.c.s.s.S.insertPopularBoards        : <==    Updates: 10
2025-10-29 15:37:10.012  INFO 12124 --- [scheduling-1] e.t.g.common.aop.LoggingAspect           : Running Time : 0ms
2025-10-29 15:37:10.012  INFO 12124 --- [scheduling-1] e.t.g.common.aop.LoggingAspect           : ===================================================================================
2025-10-29 15:37:10.012  INFO 12124 --- [scheduling-1] e.t.g.common.scheduling.BoardScheduling  : 인기글 업데이트 완료 : 10
2025-10-29 15:37:10.012  INFO 12124 --- [scheduling-1] e.t.g.common.scheduling.BoardScheduling  : ===인기글 업데이트 스케줄러 종료 [2025-10-29 15:37:10]===
2025-10-29 15:37:20.017  INFO 12124 --- [scheduling-1] e.t.g.common.scheduling.BoardScheduling  : ===인기글 업데이트 스케줄러 시작 [2025-10-29 15:37:20]===
2025-10-29 15:37:20.017  INFO 12124 --- [scheduling-1] e.t.g.common.aop.LoggingAspect           : ========== SchedulingServiceImpl.updatePopularBoards() 서비스 호출 ==========
2025-10-29 15:37:20.017  INFO 12124 --- [scheduling-1] e.t.g.common.aop.LoggingAspect           : Parameter : []
2025-10-29 15:37:20.017 DEBUG 12124 --- [scheduling-1] e.t.g.c.s.s.S.deleteAllPopularBoards     : ==>  Preparing: DELETE FROM popular_board
2025-10-29 15:37:20.017 DEBUG 12124 --- [scheduling-1] e.t.g.c.s.s.S.deleteAllPopularBoards     : ==> Parameters: 
2025-10-29 15:37:20.017 DEBUG 12124 --- [scheduling-1] e.t.g.c.s.s.S.deleteAllPopularBoards     : <==    Updates: 10
2025-10-29 15:37:20.017 DEBUG 12124 --- [scheduling-1] e.t.g.c.s.s.S.insertPopularBoards        : ==>  Preparing: INSERT INTO popular_board (board_id, ranking, updated_at) SELECT id, ROW_NUMBER() OVER(ORDER BY view_count DESC) as ranking, NOW() FROM board ORDER BY view_count DESC LIMIT 10
2025-10-29 15:37:20.017 DEBUG 12124 --- [scheduling-1] e.t.g.c.s.s.S.insertPopularBoards        : ==> Parameters: 
2025-10-29 15:37:20.017 DEBUG 12124 --- [scheduling-1] e.t.g.c.s.s.S.insertPopularBoards        : <==    Updates: 10
2025-10-29 15:37:20.032  INFO 12124 --- [scheduling-1] e.t.g.common.aop.LoggingAspect           : Running Time : 15ms
2025-10-29 15:37:20.032  INFO 12124 --- [scheduling-1] e.t.g.common.aop.LoggingAspect           : ===================================================================================
2025-10-29 15:37:20.032  INFO 12124 --- [scheduling-1] e.t.g.common.scheduling.BoardScheduling  : 인기글 업데이트 완료 : 10
2025-10-29 15:37:20.032  INFO 12124 --- [scheduling-1] e.t.g.common.scheduling.BoardScheduling  : ===인기글 업데이트 스케줄러 종료 [2025-10-29 15:37:20]===
2025-10-29 15:37:30.011  INFO 12124 --- [scheduling-1] e.t.g.common.scheduling.BoardScheduling  : ===인기글 업데이트 스케줄러 시작 [2025-10-29 15:37:30]===
2025-10-29 15:37:30.011  INFO 12124 --- [scheduling-1] e.t.g.common.aop.LoggingAspect           : ========== SchedulingServiceImpl.updatePopularBoards() 서비스 호출 ==========
2025-10-29 15:37:30.011  INFO 12124 --- [scheduling-1] e.t.g.common.aop.LoggingAspect           : Parameter : []
2025-10-29 15:37:30.011 DEBUG 12124 --- [scheduling-1] e.t.g.c.s.s.S.deleteAllPopularBoards     : ==>  Preparing: DELETE FROM popular_board
2025-10-29 15:37:30.011 DEBUG 12124 --- [scheduling-1] e.t.g.c.s.s.S.deleteAllPopularBoards     : ==> Parameters: 
2025-10-29 15:37:30.011 DEBUG 12124 --- [scheduling-1] e.t.g.c.s.s.S.deleteAllPopularBoards     : <==    Updates: 10
2025-10-29 15:37:30.011 DEBUG 12124 --- [scheduling-1] e.t.g.c.s.s.S.insertPopularBoards        : ==>  Preparing: INSERT INTO popular_board (board_id, ranking, updated_at) SELECT id, ROW_NUMBER() OVER(ORDER BY view_count DESC) as ranking, NOW() FROM board ORDER BY view_count DESC LIMIT 10
2025-10-29 15:37:30.011 DEBUG 12124 --- [scheduling-1] e.t.g.c.s.s.S.insertPopularBoards        : ==> Parameters: 
2025-10-29 15:37:30.011 DEBUG 12124 --- [scheduling-1] e.t.g.c.s.s.S.insertPopularBoards        : <==    Updates: 10
2025-10-29 15:37:30.026  INFO 12124 --- [scheduling-1] e.t.g.common.aop.LoggingAspect           : Running Time : 15ms
2025-10-29 15:37:30.026  INFO 12124 --- [scheduling-1] e.t.g.common.aop.LoggingAspect           : ===================================================================================
2025-10-29 15:37:30.026  INFO 12124 --- [scheduling-1] e.t.g.common.scheduling.BoardScheduling  : 인기글 업데이트 완료 : 10
2025-10-29 15:37:30.026  INFO 12124 --- [scheduling-1] e.t.g.common.scheduling.BoardScheduling  : ===인기글 업데이트 스케줄러 종료 [2025-10-29 15:37:30]===
2025-10-29 15:37:34.970  INFO 12124 --- [SpringApplicationShutdownHook] o.s.b.w.e.tomcat.GracefulShutdown        : Commencing graceful shutdown. Waiting for active requests to complete
2025-10-29 15:37:34.970  INFO 12124 --- [tomcat-shutdown] o.s.b.w.e.tomcat.GracefulShutdown        : Graceful shutdown complete
2025-10-29 15:37:35.021  INFO 12124 --- [SpringApplicationShutdownHook] j.LocalContainerEntityManagerFactoryBean : Closing JPA EntityManagerFactory for persistence unit 'default'
2025-10-29 15:37:35.088  INFO 12124 --- [SpringApplicationShutdownHook] com.zaxxer.hikari.HikariDataSource       : MyHikariCP - Shutdown initiated...
2025-10-29 15:37:35.090  INFO 12124 --- [SpringApplicationShutdownHook] com.zaxxer.hikari.HikariDataSource       : MyHikariCP - Shutdown completed.
